<?xml version="1.0" encoding="UTF-8"?>
<robot generator="Robot 3.2.2 (Python 3.8.6 on win32)" generated="20200925 00:29:22.008" rpa="false">
<suite id="s1" name="Login" source="C:\Users\TiagoCoelho\Documents\GitHub\TeamShift-Challenge\web\tests\login.robot">
<test id="s1-t1" name="Login on TeamShift">
<kw name="Nova sessão" library="base" type="setup">
<kw name="Open Browser" library="SeleniumLibrary">
<doc>Opens a new browser instance to the optional ``url``.</doc>
<arguments>
<arg>${url}</arg>
<arg>firefox</arg>
</arguments>
<msg timestamp="20200925 00:29:22.150" level="INFO">Opening browser 'firefox' to base url 'https://teamshift-qa.crossknowledge.com/'.</msg>
<msg timestamp="20200925 00:29:22.151" level="INFO">Firefox driver log is always forced to to: C:\Users\TiagoCoelho\Documents\GitHub\TeamShift-Challenge\web\logs\geckodriver-2.log</msg>
<status status="PASS" starttime="20200925 00:29:22.150" endtime="20200925 00:29:33.660"></status>
</kw>
<status status="PASS" starttime="20200925 00:29:22.150" endtime="20200925 00:29:33.660"></status>
</kw>
<kw name="Enter on login page">
<kw name="Click Element" library="SeleniumLibrary">
<doc>Click the element identified by ``locator``.</doc>
<arguments>
<arg>class:button-default</arg>
</arguments>
<msg timestamp="20200925 00:29:33.661" level="INFO">Clicking element 'class:button-default'.</msg>
<status status="PASS" starttime="20200925 00:29:33.661" endtime="20200925 00:29:33.891"></status>
</kw>
<status status="PASS" starttime="20200925 00:29:33.660" endtime="20200925 00:29:33.891"></status>
</kw>
<kw name="Insert email">
<arguments>
<arg>nefestor@outlook.com</arg>
</arguments>
<kw name="Wait Until Element Is Enabled" library="SeleniumLibrary">
<doc>Waits until the element ``locator`` is enabled.</doc>
<arguments>
<arg>id:login-form__login</arg>
</arguments>
<status status="PASS" starttime="20200925 00:29:33.892" endtime="20200925 00:29:33.904"></status>
</kw>
<kw name="Input Text" library="SeleniumLibrary">
<doc>Types the given ``text`` into the text field identified by ``locator``.</doc>
<arguments>
<arg>id:login-form__login</arg>
<arg>${email}</arg>
</arguments>
<msg timestamp="20200925 00:29:33.904" level="INFO">Typing text 'nefestor@outlook.com' into text field 'id:login-form__login'.</msg>
<status status="PASS" starttime="20200925 00:29:33.904" endtime="20200925 00:29:33.933"></status>
</kw>
<kw name="Click Element" library="SeleniumLibrary">
<doc>Click the element identified by ``locator``.</doc>
<arguments>
<arg>class:js-login-form-submit</arg>
</arguments>
<msg timestamp="20200925 00:29:33.933" level="INFO">Clicking element 'class:js-login-form-submit'.</msg>
<status status="PASS" starttime="20200925 00:29:33.933" endtime="20200925 00:29:34.153"></status>
</kw>
<status status="PASS" starttime="20200925 00:29:33.891" endtime="20200925 00:29:34.153"></status>
</kw>
<kw name="Insert password">
<arguments>
<arg>WLS2020qa</arg>
</arguments>
<kw name="Wait Until Element Is Enabled" library="SeleniumLibrary">
<doc>Waits until the element ``locator`` is enabled.</doc>
<arguments>
<arg>id:login-form__password</arg>
</arguments>
<status status="PASS" starttime="20200925 00:29:34.153" endtime="20200925 00:29:34.381"></status>
</kw>
<kw name="Input Text" library="SeleniumLibrary">
<doc>Types the given ``text`` into the text field identified by ``locator``.</doc>
<arguments>
<arg>id:login-form__password</arg>
<arg>${senha}</arg>
</arguments>
<msg timestamp="20200925 00:29:34.382" level="INFO">Typing text 'WLS2020qa' into text field 'id:login-form__password'.</msg>
<status status="PASS" starttime="20200925 00:29:34.381" endtime="20200925 00:29:34.414"></status>
</kw>
<kw name="Click Element" library="SeleniumLibrary">
<doc>Click the element identified by ``locator``.</doc>
<arguments>
<arg>class:js-login-form-submit</arg>
</arguments>
<msg timestamp="20200925 00:29:34.414" level="INFO">Clicking element 'class:js-login-form-submit'.</msg>
<status status="PASS" starttime="20200925 00:29:34.414" endtime="20200925 00:29:34.654"></status>
</kw>
<status status="PASS" starttime="20200925 00:29:34.153" endtime="20200925 00:29:34.654"></status>
</kw>
<kw name="Wait Until Page Contains" library="SeleniumLibrary">
<doc>Waits until ``text`` appears on the current page.</doc>
<arguments>
<arg>Como o TeamSHIFT funciona</arg>
<arg>timeout=10</arg>
</arguments>
<status status="PASS" starttime="20200925 00:29:34.654" endtime="20200925 00:29:34.658"></status>
</kw>
<kw name="Check if user are logged">
<arguments>
<arg>Tiago Coelho</arg>
</arguments>
<kw name="Wait Until Page Contains" library="SeleniumLibrary">
<doc>Waits until ``text`` appears on the current page.</doc>
<arguments>
<arg>Tiago Coelho</arg>
<arg>timeout=10</arg>
</arguments>
<status status="PASS" starttime="20200925 00:29:34.659" endtime="20200925 00:29:39.538"></status>
</kw>
<kw name="Page Should Contain" library="SeleniumLibrary">
<doc>Verifies that current page contains ``text``.</doc>
<arguments>
<arg>Tiago Coelho</arg>
</arguments>
<msg timestamp="20200925 00:29:39.543" level="INFO">Current page contains text 'Tiago Coelho'.</msg>
<status status="PASS" starttime="20200925 00:29:39.538" endtime="20200925 00:29:39.543"></status>
</kw>
<status status="PASS" starttime="20200925 00:29:34.658" endtime="20200925 00:29:39.543"></status>
</kw>
<kw name="Encerra sessão" library="base" type="teardown">
<kw name="Capture Page Screenshot" library="SeleniumLibrary">
<doc>Takes a screenshot of the current page and embeds it into a log file.</doc>
<msg timestamp="20200925 00:29:39.597" level="INFO" html="yes">&lt;/td&gt;&lt;/tr&gt;&lt;tr&gt;&lt;td colspan="3"&gt;&lt;a href="selenium-screenshot-1.png"&gt;&lt;img src="selenium-screenshot-1.png" width="800px"&gt;&lt;/a&gt;</msg>
<status status="PASS" starttime="20200925 00:29:39.544" endtime="20200925 00:29:39.597"></status>
</kw>
<kw name="Close Browser" library="SeleniumLibrary">
<doc>Closes the current browser.</doc>
<status status="PASS" starttime="20200925 00:29:39.597" endtime="20200925 00:29:40.121"></status>
</kw>
<status status="PASS" starttime="20200925 00:29:39.544" endtime="20200925 00:29:40.121"></status>
</kw>
<status status="PASS" starttime="20200925 00:29:22.149" endtime="20200925 00:29:40.121" critical="yes"></status>
</test>
<status status="PASS" starttime="20200925 00:29:22.010" endtime="20200925 00:29:40.122"></status>
</suite>
<statistics>
<total>
<stat pass="1" fail="0">Critical Tests</stat>
<stat pass="1" fail="0">All Tests</stat>
</total>
<tag>
</tag>
<suite>
<stat pass="1" fail="0" id="s1" name="Login">Login</stat>
</suite>
</statistics>
<errors>
</errors>
</robot>
