<?xml version="1.0" encoding="UTF-8"?>
<robot generator="Robot 3.2.2 (Python 3.8.6 on win32)" generated="20200924 23:47:00.129" rpa="false">
<suite id="s1" name="Login" source="C:\Users\TiagoCoelho\Documents\GitHub\TeamShift-Challenge\web\tests\login.robot">
<test id="s1-t1" name="Primeiro teste">
<kw name="Nova sessão" library="base" type="setup">
<kw name="Open Browser" library="SeleniumLibrary">
<doc>Opens a new browser instance to the optional ``url``.</doc>
<arguments>
<arg>${url}</arg>
<arg>ff</arg>
</arguments>
<msg timestamp="20200924 23:47:00.273" level="INFO">Opening browser 'ff' to base url 'https://teamshift-qa.crossknowledge.com/'.</msg>
<msg timestamp="20200924 23:47:00.274" level="INFO">Firefox driver log is always forced to to: C:\Users\TiagoCoelho\Documents\GitHub\TeamShift-Challenge\web\logs\geckodriver-7.log</msg>
<status status="PASS" starttime="20200924 23:47:00.273" endtime="20200924 23:47:10.573"></status>
</kw>
<status status="PASS" starttime="20200924 23:47:00.273" endtime="20200924 23:47:10.573"></status>
</kw>
<kw name="Go To" library="SeleniumLibrary">
<doc>Navigates the current browser window to the provided ``url``.</doc>
<arguments>
<arg>${url}</arg>
</arguments>
<msg timestamp="20200924 23:47:10.574" level="INFO">Opening url 'https://teamshift-qa.crossknowledge.com/'</msg>
<status status="PASS" starttime="20200924 23:47:10.573" endtime="20200924 23:47:12.139"></status>
</kw>
<kw name="Encerra sessão" library="base" type="teardown">
<kw name="Capture Page Screenshot" library="SeleniumLibrary">
<doc>Takes a screenshot of the current page and embeds it into a log file.</doc>
<msg timestamp="20200924 23:47:12.330" level="INFO" html="yes">&lt;/td&gt;&lt;/tr&gt;&lt;tr&gt;&lt;td colspan="3"&gt;&lt;a href="selenium-screenshot-2.png"&gt;&lt;img src="selenium-screenshot-2.png" width="800px"&gt;&lt;/a&gt;</msg>
<status status="PASS" starttime="20200924 23:47:12.139" endtime="20200924 23:47:12.330"></status>
</kw>
<kw name="Close Browser" library="SeleniumLibrary">
<doc>Closes the current browser.</doc>
<status status="PASS" starttime="20200924 23:47:12.330" endtime="20200924 23:47:12.856"></status>
</kw>
<status status="PASS" starttime="20200924 23:47:12.139" endtime="20200924 23:47:12.857"></status>
</kw>
<status status="PASS" starttime="20200924 23:47:00.272" endtime="20200924 23:47:12.857" critical="yes"></status>
</test>
<status status="PASS" starttime="20200924 23:47:00.130" endtime="20200924 23:47:12.857"></status>
</suite>
<statistics>
<total>
<stat pass="1" fail="0">Critical Tests</stat>
<stat pass="1" fail="0">All Tests</stat>
</total>
<tag>
</tag>
<suite>
<stat pass="1" fail="0" id="s1" name="Login">Login</stat>
</suite>
</statistics>
<errors>
</errors>
</robot>
